BUNQNL2A
940
BUNQNL2A
:20:49d6b7113b0afd23
:25:NL23BUNQ2128538939 EUR
:28:00002
:60F:C250101EUR7388,23
:61:2502010101D223,65NMSCNONREF
:86:/NAME/GOOGLE*ADS3700125160/REMI/GOOGLE*ADS3700125160 CC GOOGLE.COM, IE

:61:2502010101D21,NMSCNONREF
:86:/NAME/FACEBK *2SV8LEC422/REMI/FACEBK *2SV8LEC422 fb.me/ads, IE

:61:2501020102D24,64NTRFNONREF
:86:/IBAN/NL89BUNQ2025105584/NAME/bunq BV/REMI/invoice 23081635
:61:2501020102C3541,61NTRFNONREF
:86:/IBAN/DK8789000000014387/NAME/Stripe Technology Europe Ltd/REMI/Shopify B4E9I5
:61:2501030102D726,NTRFNONREF
:86:/IBAN/NL92RABO0158568664/NAME/A-Sociaal Media/REMI/2024000198
:61:2501030102D1089,NTRFNONREF
:86:/IBAN/NL85ABNA0881487694/NAME/Clickresult BV/REMI/581
:61:2501030102D1514,62NTRFNONREF
:86:/IBAN/NL60KNAB0604330553/NAME/Roy De Clerck/REMI/2024-123
:61:2501030103C25,5NTRFNONREF
:86:/IBAN/NL67SNSB0933094914/NAME/G. uit den Bosch e/o B.A. Bosch-uit den Vlasblom/REMI/3 rozen wit Uitvaart Patrick Kalle
:61:2501060104D123,02NTRFNONREF
:86:/IBAN/NL62KNAB0414854403/NAME/Growth Start/REMI/2025-0003
:61:2502010105D17,64NMSCNONREF
:86:/NAME/Shopify* 314638228/REMI/Shopify* 314638228 Dublin, IE
17.98 USD, 1 USD = 0.98109 EUR
:61:2502010105D500,NMSCNONREF
:86:/NAME/GOOGLE*ADS3700125160/REMI/GOOGLE*ADS3700125160 CC GOOGLE.COM, IE

:61:2502010106D24,NMSCNONREF
:86:/NAME/FACEBK *4ED47EQ322/REMI/FACEBK *4ED47EQ322 fb.me/ads, IE

:61:2501070107C7,86NMSCNONREF
:86:/IBAN/NL13BUNQ2094122549/NAME/bunq/REMI/bunq Payday 2025-01-07 EUR
:61:2501080108C46,9NTRFNONREF
:86:/IBAN/NL82ABNA0503723770/NAME/F VAN DER SPEK VD HOE CJ/REMI/m.g.van der spek.Spoorstraat 32
:61:2501090109C3261,92NTRFNONREF
:86:/IBAN/DK8789000000014387/NAME/Stripe Technology Europe Ltd/REMI/Shopify Y6X0J4
:61:2502010109D500,NMSCNONREF
:86:/NAME/GOOGLE*ADS3700125160/REMI/GOOGLE*ADS3700125160 CC GOOGLE.COM, IE

:61:2501090109C42,NMSCNONREF
:86:/IBAN/NL10INGB0008499659/NAME/Mw JTJM Stiphout-Hocksenar, Hr drs WJ Stiphout/REMI/iDEAL bunq.me "💐 Boeket bloemen - 20-11-2024 - Joke Stiphout" 4b0a1e35-0c45-4484-93a3-eb16a88c6cfb NL10INGB0008499659 Mw JTJM Stiphout-Hocksenar, Hr drs WJ Stiphout
:61:2501090109C37,5NMSCNONREF
:86:/IBAN/NL53INGB0005313793/NAME/Mw JW Heijnen-Harmsen/REMI/iDEAL bunq.me "💐 Boeket bloemen - 18-11-2024 - Mevr. Heinen" f8d5150b-361e-4c65-9939-eb3c2e0e8e5d NL53INGB0005313793 Mw JW Heijnen-Harmsen
:61:2501090109C240,NMSCNONREF
:86:/IBAN/NL68INGB0004670510/NAME/Mw AG Boersma-Groen/REMI/iDEAL bunq.me "💐 Bloemen arrangement - 19-11-2024 - Ada Boersma" 58abddd8-00ea-4326-9548-dbc190d184a8 NL68INGB0004670510 Mw AG Boersma-Groen
:61:2501090109C29,5NMSCNONREF
:86:/IBAN/NL48INGB0001213402/NAME/Mw J M Klaassen/REMI/iDEAL bunq.me "💐 Boeket bloemen - 04-01-2025 - Klaassen" 7b4882c5-1a43-46d7-8f3f-810efebf7b42 NL48INGB0001213402 Mw J M Klaassen
:61:2501090109C32,45NMSCNONREF
:86:/IBAN/NL64RABO0326429220/NAME/J. Jongedijk eo H. Jongedijk-Postma/REMI/iDEAL bunq.me "💐 Boeket bloemen - 30-10-2024 - Mevr. Jongedijk" fda98c5e-b78f-416f-989e-af7160463141 NL64RABO0326429220 J. Jongedijk eo H. Jongedijk-Postma
:61:2501090109C46,95NMSCNONREF
:86:/IBAN/NL13TRIO0788801767/NAME/F.V.J. aan de Stegge en//REMI/iDEAL bunq.me "💐 Boeket bloemen - 30-12-2024 - Erik aan de Stegge" a49dae03-9bff-4f89-a8a9-780a6dbaa784 NL13TRIO0788801767 F.V.J. aan de Stegge en/
:61:2501090109C100,NMSCNONREF
:86:/IBAN/NL35INGB0751986070/NAME/Hr GP Ramselaar, Mw IHG Ramselaar-Nederveen/REMI/iDEAL bunq.me "💐 Kerst arrangement - 06-12-2024 - Mevr Inge Ramselaar" 8f89ae39-d12b-4392-bcdf-f5cf3ae88a73 NL35INGB0751986070 Hr GP Ramselaar, Mw IHG Ramselaar-Nederveen
:61:2501090109C32,5NMSCNONREF
:86:/IBAN/NL44INGB0003794256/NAME/Hr S Dijkstra en Mw J Dijkstra-Tigchelaar/REMI/iDEAL bunq.me "💐 Boeket bloemen - 23-10-2024 - Joukje" 28e7a877-da7d-4de2-a1e2-d525ad3be3d6 NL44INGB0003794256 Hr S Dijkstra en Mw J Dijkstra-Tigchelaar
:61:2501090109C36,9NMSCNONREF
:86:/IBAN/NL33ABNA0235117005/NAME/E VAN DEURSEN CJ/REMI/iDEAL bunq.me "💐 Boeket bloemen - 31-12-2024 - Mevr van Deursen" 73a1b02e-672d-4d6c-89c0-a42eb098d3f0 NL33ABNA0235117005 E VAN DEURSEN CJ
:61:2501090109C32,5NMSCNONREF
:86:/IBAN/NL36RABO0171542355/NAME/G.J.M. van den Oever eo L.F.J.M. Verwijst/REMI/iDEAL bunq.me "💐 Boeket bloemen - 03-01-2025 - Laura" 16649b76-7835-4655-9fd5-69d87b583a0b NL36RABO0171542355 G.J.M. van den Oever eo L.F.J.M. Verwijst
:61:2501100110C44,NMSCNONREF
:86:/IBAN/NL05INGB0001140844/NAME/Mw E J J Riphagen en/of Hr T J Opdam/REMI/iDEAL bunq.me "💐 Bloemen arrangement - 29-10-2024 - Evelien Opdam" 73d80741-b466-4f6e-9843-d1a895ba428e NL05INGB0001140844 Mw E J J Riphagen en/of Hr T J Opdam
:61:2501100110C26,95NMSCNONREF
:86:/IBAN/NL11ABNA0576390658/NAME/DPP DE VRIES/REMI/iDEAL bunq.me "💐 Boeket bloemen - 21-12-2024 - Diana Schoffelmeer" 79627421-ff0d-47d7-831e-69fb39a6de38 NL11ABNA0576390658 DPP DE VRIES
:61:2501110111C44,45NMSCNONREF
:86:/IBAN/NL90INGB0001171033/NAME/Hr W de Witte/REMI/iDEAL bunq.me "💐 Boeket bloemen - 24-10-2024 - Dhr de Witte" e2f01a10-0157-4229-af52-b6309c16b826 NL90INGB0001171033 Hr W de Witte
:61:2502010112D50,NMSCNONREF
:86:/NAME/COOKIEBOT/REMI/COOKIEBOT KØBENHAVN K, DK

:61:2501120112C55,45NMSCNONREF
:86:/IBAN/NL98RABO0134627695/NAME/N.A. van Engelen eo J. van Engelen-Schalk/REMI/iDEAL bunq.me "💐 Boeket bloemen - 31-10-2024 - Joke en Koos" fc1fe0b4-454c-4573-9cc6-eb8964babab3 NL98RABO0134627695 N.A. van Engelen eo J. van Engelen-Schalk
:61:2502010112D27,NMSCNONREF
:86:/NAME/FACEBK *NBL24FC422/REMI/FACEBK *NBL24FC422 fb.me/ads, IE

:61:2501130113C150,NTRFNONREF
:86:/IBAN/NL84ABNA0407963685/NAME/JJ TOULOUSE/REMI/
:61:2502010113D500,NMSCNONREF
:86:/NAME/GOOGLE*ADS3700125160/REMI/GOOGLE*ADS3700125160 CC GOOGLE.COM, IE

:61:2501140114C10,77NMSCNONREF
:86:/IBAN/NL13BUNQ2094122549/NAME/bunq/REMI/bunq Payday 2025-01-14 EUR
:61:2501140114C38,9NMSCNONREF
:86:/IBAN/NL71INGB0001903046/NAME/Hr P de Jong, Mw TM de Jong-de Jeu/REMI/iDEAL bunq.me "💐 Boeket bloemen - 21-12-2024 - P. De Jong" 47038f3d-f29f-4649-a7ab-3be04a19953f NL71INGB0001903046 Hr P de Jong, Mw TM de Jong-de Jeu
:61:2501160116C2728,52NTRFNONREF
:86:/IBAN/DK8789000000014387/NAME/Stripe Technology Europe Ltd/REMI/Shopify V8E7R2
:61:2502010118D30,NMSCNONREF
:86:/NAME/FACEBK *P76LDFC422/REMI/FACEBK *P76LDFC422 fb.me/ads, IE

:61:2502010118D500,NMSCNONREF
:86:/NAME/GOOGLE*ADS3700125160/REMI/GOOGLE*ADS3700125160 CC GOOGLE.COM, IE

:61:2501200120C64,NMSCNONREF
:86:/IBAN/NL03RABO0332503682/NAME/C.M.A. de Grave/REMI/iDEAL bunq.me "💐 Boeket bloemen - 08-11-2024 - Carla de Grave" 4e4463e3-2f7c-42db-b2ae-6cfa59fed2c6 NL03RABO0332503682 C.M.A. de Grave
:61:2501210120D1859,77NTRFNONREF
:86:/IBAN/NL60KNAB0604330553/NAME/Roy De Clerck/REMI/2025-0007
:61:2501220120D7276,71NTRFNONREF
:86:/IBAN/NL78RABO0378161687/NAME/Amsterdam Flowers/REMI/AF-2024-0681 debiteurnummer 2
:61:2501210121C35,NTRFNONREF
:86:/IBAN/NL64RABO0315314184/NAME/J. van der Stelt eo J.A.H. vd Stelt-v. Mastrigt/REMI/BOEKET KOESFRAAT22 JVD STELTL
:61:2501210121C5,3NMSCNONREF
:86:/IBAN/NL13BUNQ2094122549/NAME/bunq/REMI/bunq Payday 2025-01-21 EUR
:61:2501220122C34,1NTRFNONREF
:86:/IBAN/NL61RABO0344850544/NAME/C.J.M. Grimberg-Fagel/REMI/BloemenHelma
:61:2501230123C3199,1NTRFNONREF
:86:/IBAN/DK8789000000014387/NAME/Stripe Technology Europe Ltd/REMI/Shopify R3Z4P8
:61:2502010123D500,NMSCNONREF
:86:/NAME/GOOGLE*ADS3700125160/REMI/GOOGLE*ADS3700125160 CC GOOGLE.COM, IE

:61:2502010124D33,NMSCNONREF
:86:/NAME/FACEBK *CDYJNE8422/REMI/FACEBK *CDYJNE8422 Dublin, IE

:61:2502010128D500,NMSCNONREF
:86:/NAME/GOOGLE*ADS3700125160/REMI/GOOGLE*ADS3700125160 CC GOOGLE.COM, IE

:61:2501280128C5,33NMSCNONREF
:86:/IBAN/NL13BUNQ2094122549/NAME/bunq/REMI/bunq Payday 2025-01-28 EUR
:61:2501280128C35,NTRFNONREF
:86:/IBAN/NL25RABO0157326233/NAME/K. de Boer-Brinks eo L.J.A. Oosterhof-de Boer/REMI/Bestelling voor 1 februari 2025
:61:2502010129D20,52NMSCNONREF
:86:/NAME/FACEBK *JH3PWFC422/REMI/FACEBK *JH3PWFC422 Dublin, IE

:61:2501300130C3223,9NTRFNONREF
:86:/IBAN/DK8789000000014387/NAME/Stripe Technology Europe Ltd/REMI/Shopify Z4F4C9
:61:2501310130D726,NTRFNONREF
:86:/IBAN/NL92RABO0158568664/NAME/A-Sociaal Media/REMI/2025000002
:61:2502010130D29,04NMSCNONREF
:86:/NAME/KLAVIYO INC. SOFTWARE/REMI/KLAVIYO INC. SOFTWARE +18003381744, US
30.00 USD, 1 USD = 0.96800 EUR
:61:2503010201D388,77NMSCNONREF
:86:/NAME/GOOGLE*ADS3700125160/REMI/GOOGLE*ADS3700125160 CC GOOGLE.COM, IE

:61:2503010201D19,08NMSCNONREF
:86:/NAME/FiverrEU/REMI/FiverrEU Nicosia, CY

:61:2502020202D28,31NTRFNONREF
:86:/IBAN/NL89BUNQ2025105584/NAME/bunq BV/REMI/invoice 23848205
:61:2502040204C9,57NMSCNONREF
:86:/IBAN/NL13BUNQ2094122549/NAME/bunq/REMI/bunq Payday 2025-02-04 EUR
:61:2503010205D8,79NMSCNONREF
:86:/NAME/Shopify* 327006965/REMI/Shopify* 327006965 Dublin, IE
8.99 USD, 1 USD = 0.97775 EUR
:61:2503010205D500,NMSCNONREF
:86:/NAME/GOOGLE*ADS3700125160/REMI/GOOGLE*ADS3700125160 CC GOOGLE.COM, IE

:61:2503010205D37,NMSCNONREF
:86:/NAME/FACEBK *YJPZ3GL322/REMI/FACEBK *YJPZ3GL322 Dublin, IE

:61:2502060206C4688,35NTRFNONREF
:86:/IBAN/DK8789000000014387/NAME/Stripe Technology Europe Ltd/REMI/Shopify E6F1L6
:61:2503010209D50,NMSCNONREF
:86:/NAME/COOKIEBOT/REMI/COOKIEBOT KØBENHAVN K, DK

:61:2502110211C5,96NMSCNONREF
:86:/IBAN/NL13BUNQ2094122549/NAME/bunq/REMI/bunq Payday 2025-02-11 EUR
:61:2502130211D11459,41NTRFNONREF
:86:/IBAN/NL41RABO0389074950/NAME/Buurtbloemist B.V./REMI/Saldo
:61:2502120212C1000,NTRFNONREF
:86:/IBAN/NL41RABO0389074950/NAME/Buurtbloemist B.V./REMI/
:61:2503010213D500,NMSCNONREF
:86:/NAME/Google ADS3700125160/REMI/Google ADS3700125160 Dublin, IE

:61:2503010213D41,NMSCNONREF
:86:/NAME/FACEBK *MCYW2HL422/REMI/FACEBK *MCYW2HL422 Dublin, IE

:61:2502140214C1000,NTRFNONREF
:86:/IBAN/NL41RABO0389074950/NAME/Buurtbloemist B.V./REMI/
:61:2503010215D500,NMSCNONREF
:86:/NAME/GOOGLE*ADS3700125160/REMI/GOOGLE*ADS3700125160 CC GOOGLE.COM, IE

:61:2502180218C10,41NMSCNONREF
:86:/IBAN/NL13BUNQ2094122549/NAME/bunq/REMI/bunq Payday 2025-02-18 EUR
:61:2503010221D500,NMSCNONREF
:86:/NAME/GOOGLE*ADS3700125160/REMI/GOOGLE*ADS3700125160 CC GOOGLE.COM, IE

:61:2503010222D46,NMSCNONREF
:86:/NAME/FACEBK *YD237G8422/REMI/FACEBK *YD237G8422 Dublin, IE

:61:2502240224D308,55NTRFNONREF
:86:/IBAN/NL62KNAB0414854403/NAME/Growth Start/REMI/RF62KZY9G7WV
:61:2502250225C5,46NMSCNONREF
:86:/IBAN/NL13BUNQ2094122549/NAME/bunq/REMI/bunq Payday 2025-02-25 EUR
:61:2503010228D25,NMSCNONREF
:86:/NAME/FACEBK *32S8VHL422/REMI/FACEBK *32S8VHL422 Dublin, IE

:61:2503010228D29,04NMSCNONREF
:86:/NAME/KLAVIYO INC. SOFTWARE/REMI/KLAVIYO INC. SOFTWARE +18003381744, US
30.00 USD, 1 USD = 0.96800 EUR
:61:2503010228D14,52NMSCNONREF
:86:/NAME/KLAVIYO INC. SOFTWARE/REMI/KLAVIYO INC. SOFTWARE +18003381744, US
15.00 USD, 1 USD = 0.96800 EUR
:61:2503020302D23,99NTRFNONREF
:86:/IBAN/NL89BUNQ2025105584/NAME/bunq BV/REMI/invoice 24605808
:61:2503040304C0,69NMSCNONREF
:86:/IBAN/NL13BUNQ2094122549/NAME/bunq/REMI/bunq Payday 2025-03-04 EUR
:61:2503110311C36,45NTRFNONREF
:86:/IBAN/NL60INGB0003807936/NAME/Mw JM Koops/REMI/koops
:62F:C250331EUR64,91
-
